[debug] [2026-01-06T05:24:00.073Z] ----------------------------------------------------------------------
[debug] [2026-01-06T05:24:00.075Z] Command:       C:\Program Files\nodejs\node.exe C:\Users\cnl37.DEVSERVER\AppData\Roaming\npm\node_modules\firebase-tools\lib\bin\firebase.js deploy
[debug] [2026-01-06T05:24:00.075Z] CLI Version:   15.1.0
[debug] [2026-01-06T05:24:00.075Z] Platform:      win32
[debug] [2026-01-06T05:24:00.076Z] Node Version:  v22.14.0
[debug] [2026-01-06T05:24:00.076Z] Time:          Tue Jan 06 2026 00:24:00 GMT-0500 (Eastern Standard Time)
[debug] [2026-01-06T05:24:00.076Z] ----------------------------------------------------------------------
[debug] 
[debug] [2026-01-06T05:24:02.787Z] > command requires scopes: ["email","openid","https://www.googleapis.com/auth/cloudplatformprojects.readonly","https://www.googleapis.com/auth/firebase","https://www.googleapis.com/auth/cloud-platform"]
[debug] [2026-01-06T05:24:02.787Z] > authorizing via signed-in user (cnl37642@gmail.com)
[debug] [2026-01-06T05:24:02.787Z] [iam] checking project blazinikportfolio for permissions ["firebase.projects.get","firebasehosting.sites.update"]
[debug] [2026-01-06T05:24:02.788Z] Checked if tokens are valid: false, expires at: 1767595949329
[debug] [2026-01-06T05:24:02.788Z] Checked if tokens are valid: false, expires at: 1767595949329
[debug] [2026-01-06T05:24:02.789Z] > refreshing access token with scopes: []
[debug] [2026-01-06T05:24:02.790Z] >>> [apiv2][query] POST https://www.googleapis.com/oauth2/v3/token [none]
[debug] [2026-01-06T05:24:02.790Z] >>> [apiv2][body] POST https://www.googleapis.com/oauth2/v3/token [omitted]
[debug] [2026-01-06T05:24:02.926Z] <<< [apiv2][status] POST https://www.googleapis.com/oauth2/v3/token 200
[debug] [2026-01-06T05:24:02.926Z] <<< [apiv2][body] POST https://www.googleapis.com/oauth2/v3/token [omitted]
[debug] [2026-01-06T05:24:02.935Z] >>> [apiv2][query] POST https://cloudresourcemanager.googleapis.com/v1/projects/blazinikportfolio:testIamPermissions [none]
[debug] [2026-01-06T05:24:02.935Z] >>> [apiv2][(partial)header] POST https://cloudresourcemanager.googleapis.com/v1/projects/blazinikportfolio:testIamPermissions x-goog-quota-user=projects/blazinikportfolio
[debug] [2026-01-06T05:24:02.935Z] >>> [apiv2][body] POST https://cloudresourcemanager.googleapis.com/v1/projects/blazinikportfolio:testIamPermissions {"permissions":["firebase.projects.get","firebasehosting.sites.update"]}
[debug] [2026-01-06T05:24:03.100Z] <<< [apiv2][status] POST https://cloudresourcemanager.googleapis.com/v1/projects/blazinikportfolio:testIamPermissions 200
[debug] [2026-01-06T05:24:03.100Z] <<< [apiv2][body] POST https://cloudresourcemanager.googleapis.com/v1/projects/blazinikportfolio:testIamPermissions {"permissions":["firebase.projects.get","firebasehosting.sites.update"]}
[debug] [2026-01-06T05:24:03.100Z] Checked if tokens are valid: true, expires at: 1767680641927
[debug] [2026-01-06T05:24:03.100Z] Checked if tokens are valid: true, expires at: 1767680641927
[debug] [2026-01-06T05:24:03.101Z] >>> [apiv2][query] GET https://firebase.googleapis.com/v1beta1/projects/blazinikportfolio [none]
[debug] [2026-01-06T05:24:03.348Z] <<< [apiv2][status] GET https://firebase.googleapis.com/v1beta1/projects/blazinikportfolio 200
[debug] [2026-01-06T05:24:03.349Z] <<< [apiv2][body] GET https://firebase.googleapis.com/v1beta1/projects/blazinikportfolio {"projectId":"blazinikportfolio","projectNumber":"208992861186","displayName":"blazinikPortfolio","name":"projects/blazinikportfolio","resources":{"hostingSite":"blazinikportfolio"},"state":"ACTIVE","etag":"1_794b6970-a120-4cfc-98ee-925da2104e6e"}
[info] 
[info] === Deploying to 'blazinikportfolio'...
[info] 
[info] i  deploying hosting 
[debug] [2026-01-06T05:24:03.353Z] Checked if tokens are valid: true, expires at: 1767680641927
[debug] [2026-01-06T05:24:03.353Z] Checked if tokens are valid: true, expires at: 1767680641927
[debug] [2026-01-06T05:24:03.353Z] >>> [apiv2][query] POST https://firebasehosting.googleapis.com/v1beta1/projects/-/sites/blazinikportfolio/versions [none]
[debug] [2026-01-06T05:24:03.353Z] >>> [apiv2][body] POST https://firebasehosting.googleapis.com/v1beta1/projects/-/sites/blazinikportfolio/versions {"status":"CREATED","labels":{"deployment-tool":"cli-firebase"}}
[debug] [2026-01-06T05:24:03.875Z] <<< [apiv2][status] POST https://firebasehosting.googleapis.com/v1beta1/projects/-/sites/blazinikportfolio/versions 200
[debug] [2026-01-06T05:24:03.875Z] <<< [apiv2][body] POST https://firebasehosting.googleapis.com/v1beta1/projects/-/sites/blazinikportfolio/versions {"name":"projects/208992861186/sites/blazinikportfolio/versions/e11c984aa3c54e47","status":"CREATED","config":{},"labels":{"deployment-tool":"cli-firebase"}}
[info] i  hosting[blazinikportfolio]: beginning deploy... 
[info] i  hosting[blazinikportfolio]: found 5 files in . 
[debug] [2026-01-06T05:24:03.887Z] [hosting] uploading with 200 concurrency
[debug] [2026-01-06T05:24:03.892Z] Checked if tokens are valid: true, expires at: 1767680641927
[debug] [2026-01-06T05:24:03.892Z] Checked if tokens are valid: true, expires at: 1767680641927
[debug] [2026-01-06T05:24:03.893Z] [hosting] hash cache [] stored for 5 files
[debug] [2026-01-06T05:24:03.893Z] [hosting][hash queue][FINAL] {"max":3,"min":0,"avg":1.2,"active":0,"complete":5,"success":5,"errored":0,"retried":0,"total":5,"elapsed":5}
[debug] [2026-01-06T05:24:03.893Z] >>> [apiv2][query] POST https://firebasehosting.googleapis.com/v1beta1/projects/208992861186/sites/blazinikportfolio/versions/e11c984aa3c54e47:populateFiles [none]
[debug] [2026-01-06T05:24:03.893Z] >>> [apiv2][body] POST https://firebasehosting.googleapis.com/v1beta1/projects/208992861186/sites/blazinikportfolio/versions/e11c984aa3c54e47:populateFiles {"files":{"/server.js":"0b7669f6f138e76ec79c301dfa8ade4d2e11ad82a8b97049435b8a39c945136f","/manifest.json":"47228ded3f760f2b1c49f44fa14d0a112def72a08fad21dcf0d54b4422d3f173","/css/style.css":"849b655f8c592a3b3fd11eb161d6e583221e57e7ad9e7f2df0a78e69e95c5e1d","/index.html":"7fbe58f5c8de423e5a57b39cf4d090f8649aa53dce1bfe501d9fa8353ba68822","/js/main.js":"bd985230a017e5a512024eddf44a045d9a876c3f56e5de19d47315646a55808c"}}
[debug] [2026-01-06T05:24:04.047Z] <<< [apiv2][status] POST https://firebasehosting.googleapis.com/v1beta1/projects/208992861186/sites/blazinikportfolio/versions/e11c984aa3c54e47:populateFiles 200
[debug] [2026-01-06T05:24:04.047Z] <<< [apiv2][body] POST https://firebasehosting.googleapis.com/v1beta1/projects/208992861186/sites/blazinikportfolio/versions/e11c984aa3c54e47:populateFiles {"uploadRequiredHashes":["7fbe58f5c8de423e5a57b39cf4d090f8649aa53dce1bfe501d9fa8353ba68822","bd985230a017e5a512024eddf44a045d9a876c3f56e5de19d47315646a55808c"],"uploadUrl":"https://upload-firebasehosting.googleapis.com/upload/sites/blazinikportfolio/versions/e11c984aa3c54e47/files"}
[debug] [2026-01-06T05:24:04.048Z] Checked if tokens are valid: true, expires at: 1767680641927
[debug] [2026-01-06T05:24:04.048Z] Checked if tokens are valid: true, expires at: 1767680641927
[debug] [2026-01-06T05:24:04.048Z] Checked if tokens are valid: true, expires at: 1767680641927
[debug] [2026-01-06T05:24:04.048Z] Checked if tokens are valid: true, expires at: 1767680641927
[debug] [2026-01-06T05:24:04.048Z] >>> [apiv2][query] POST https://upload-firebasehosting.googleapis.com/upload/sites/blazinikportfolio/versions/e11c984aa3c54e47/files/7fbe58f5c8de423e5a57b39cf4d090f8649aa53dce1bfe501d9fa8353ba68822 [none]
[debug] [2026-01-06T05:24:04.048Z] >>> [apiv2][body] POST https://upload-firebasehosting.googleapis.com/upload/sites/blazinikportfolio/versions/e11c984aa3c54e47/files/7fbe58f5c8de423e5a57b39cf4d090f8649aa53dce1bfe501d9fa8353ba68822 [stream]
[debug] [2026-01-06T05:24:04.049Z] >>> [apiv2][query] POST https://upload-firebasehosting.googleapis.com/upload/sites/blazinikportfolio/versions/e11c984aa3c54e47/files/bd985230a017e5a512024eddf44a045d9a876c3f56e5de19d47315646a55808c [none]
[debug] [2026-01-06T05:24:04.049Z] >>> [apiv2][body] POST https://upload-firebasehosting.googleapis.com/upload/sites/blazinikportfolio/versions/e11c984aa3c54e47/files/bd985230a017e5a512024eddf44a045d9a876c3f56e5de19d47315646a55808c [stream]
[debug] [2026-01-06T05:24:04.050Z] [hosting][populate queue][FINAL] {"max":156,"min":156,"avg":156,"active":0,"complete":1,"success":1,"errored":0,"retried":0,"total":1,"elapsed":158}
[debug] [2026-01-06T05:24:04.050Z] [hosting] uploads queued: 2
[debug] [2026-01-06T05:24:04.594Z] <<< [apiv2][status] POST https://upload-firebasehosting.googleapis.com/upload/sites/blazinikportfolio/versions/e11c984aa3c54e47/files/7fbe58f5c8de423e5a57b39cf4d090f8649aa53dce1bfe501d9fa8353ba68822 200
[debug] [2026-01-06T05:24:04.594Z] <<< [apiv2][body] POST https://upload-firebasehosting.googleapis.com/upload/sites/blazinikportfolio/versions/e11c984aa3c54e47/files/7fbe58f5c8de423e5a57b39cf4d090f8649aa53dce1bfe501d9fa8353ba68822 [stream]
[debug] [2026-01-06T05:24:04.702Z] <<< [apiv2][status] POST https://upload-firebasehosting.googleapis.com/upload/sites/blazinikportfolio/versions/e11c984aa3c54e47/files/bd985230a017e5a512024eddf44a045d9a876c3f56e5de19d47315646a55808c 200
[debug] [2026-01-06T05:24:04.702Z] <<< [apiv2][body] POST https://upload-firebasehosting.googleapis.com/upload/sites/blazinikportfolio/versions/e11c984aa3c54e47/files/bd985230a017e5a512024eddf44a045d9a876c3f56e5de19d47315646a55808c [stream]
[debug] [2026-01-06T05:24:04.702Z] [hosting][upload queue][FINAL] {"max":654,"min":547,"avg":600.5,"active":0,"complete":2,"success":2,"errored":0,"retried":0,"total":2,"elapsed":655}
[info] i  hosting: upload complete 
[info] +  hosting[blazinikportfolio]: file upload complete 
[debug] [2026-01-06T05:24:04.703Z] [hosting] deploy completed after 825ms
[debug] [2026-01-06T05:24:04.703Z] [
  {
    "config": {
      "public": ".",
      "ignore": [
        "firebase.json",
        "**/.*",
        "**/node_modules/**"
      ],
      "site": "blazinikportfolio"
    },
    "version": "projects/208992861186/sites/blazinikportfolio/versions/e11c984aa3c54e47"
  }
]
[info] i  hosting[blazinikportfolio]: finalizing version... 
[debug] [2026-01-06T05:24:04.704Z] Checked if tokens are valid: true, expires at: 1767680641927
[debug] [2026-01-06T05:24:04.704Z] Checked if tokens are valid: true, expires at: 1767680641927
[debug] [2026-01-06T05:24:04.704Z] >>> [apiv2][query] PATCH https://firebasehosting.googleapis.com/v1beta1/projects/-/sites/blazinikportfolio/versions/e11c984aa3c54e47 updateMask=status%2Cconfig
[debug] [2026-01-06T05:24:04.704Z] >>> [apiv2][body] PATCH https://firebasehosting.googleapis.com/v1beta1/projects/-/sites/blazinikportfolio/versions/e11c984aa3c54e47 {"status":"FINALIZED","config":{}}
